<?xml version="1.0" encoding="UTF-8"?>
<!-- Generated by org.testng.reporters.JUnitReportReporter -->
<testsuite hostname="Ayansh" failures="0" tests="1" name="TestCases.TestNgProgram" time="0.036" errors="0" timestamp="2022-07-22T14:44:33 IST" skipped="0">
  <testcase classname="TestCases.TestNgProgram" name="tc5" time="0.036"/>
  <system-out/>
</testsuite> <!-- TestCases.TestNgProgram -->
